lurrulluuuurddrdrurrrulllurrrrrddldlldrrrddlluldlluru (5, 5)
lurrulluuuurddrdrurrrulllurrrrrddldllddrurrddllllluru (5, 5)
lurrulluuuurddrdrurrrulllurrrrrddlddrddlllllurrruuldl (5, 5)
lurrulluuuurddrdrurrrulllurrrrrddlddrddlluuuldddlluru (5, 5)
lurrulluuuurddrdrurrdruulllurrrrrddlddrddlllllurrrull (5, 5)
lurrulluuuurddrdrurrdruulllurrrrrddlddrddlluulddlluru (5, 5)
lurrulluuuurddrdrurrddruuulllurrrrrddlddrddlluldlluru (5, 5)
lurrulluuuurddrdrurrdddruuuulllurrrrrddlddrddllllluru (5, 5)
lurrulluuuurddrdrurulurrrrrddllulddrrdrddlllllurrrull (5, 5)
lurrulluuuurddrdrurulurrrrrddllulddrrdrddlluulddlluru (5, 5)
lurrulluuuurddrdrurulurrrrrddlluldddrurdrddlluldlluru (5, 5)
lurrulluuuurddrdrurulurrrrrddllulddddruurdrddllllluru (5, 5)
lurrulluuuurddrdrurulurrrrrddldluuldddrrrddlluldlluru (5, 5)
lurrulluuuurddrdrurulurrrrrddldluulddddrurrddllllluru (5, 5)
lurrulluuuurddrdrurulurrrrrddlddrddlllllurrruuuuldddl (5, 5)
lurrulluuuurddrdrurulurrrrrddlddrddlluuuuuldddddlluru (5, 5)
lurrulluuuurddrdrurulurrdrurrddllldrrdrddlllllurrrull (5, 5)
lurrulluuuurddrdrurulurrdrurrddllldrrdrddlluulddlluru (5, 5)
lurrulluuuurddrdrurulurrdrurrddlllddrurdrddlluldlluru (5, 5)
lurrulluuuurddrdrurulurrdrurrddllldddruurdrddllllluru (5, 5)
lurrulluuuurddrdrurulurrdrurrddldlulddrrrddlluldlluru (5, 5)
lurrulluuuurddrdrurulurrdrurrddldluldddrurrddllllluru (5, 5)
lurrulluuuurddrdrurulurrdrurrddlddrddlllllurrruuulddl (5, 5)
lurrulluuuurddrdrurulurrdrurrddlddrddlluuuulddddlluru (5, 5)
lurrulluuuurddrdrurulurrddruurrddldlldrrrddlluldlluru (5, 5)
lurrulluuuurddrdrurulurrddruurrddldllddrurrddllllluru (5, 5)
lurrulluuuurddrdrurulurrddruurrddlddrddlllllurrruuldl (5, 5)
lurrulluuuurddrdrurulurrddruurrddlddrddlluuuldddlluru (5, 5)
lurrulluuuurddrdrurulurrdddruuurrddlddrddlllllurrrull (5, 5)
lurrulluuuurddrdrurulurrdddruuurrddlddrddlluulddlluru (5, 5)
lurrulluuuurddrdrurulurrddddruuuurrddlddrddlluldlluru (5, 5)
lurrulluuuurddrdrurulurrdddddruuuuurrddlddrddllllluru (5, 5)
lurrulluuuurddrdruuurrrrrddllulldrdrrdrddlllllurrrull (5, 5)
lurrulluuuurddrdruuurrrrrddllulldrdrrdrddlluulddlluru (5, 5)
lurrulluuuurddrdruuurrrrrddllulldrddrurdrddlluldlluru (5, 5)
lurrulluuuurddrdruuurrrrrddllulldrdddruurdrddllllluru (5, 5)
lurrulluuuurddrdruuurrrrrddldluulldrddrrrddlluldlluru (5, 5)
lurrulluuuurddrdruuurrrrrddldluulldrdddrurrddllllluru (5, 5)
lurrulluuuurddrdruuurrrrrddlddrddlllllurrruuuulldrddl (5, 5)
lurrulluuuurddrdruuurrrrrddlddrddlluuuuulldrddddlluru (5, 5)
lurrulluuuurddrdruuurrdldrruurrddldlldrrrddlluldlluru (5, 5)
lurrulluuuurddrdruuurrdldrruurrddldllddrurrddllllluru (5, 5)
lurrulluuuurddrdruuurrdldrruurrddlddrddlllllurrruuldl (5, 5)
lurrulluuuurddrdruuurrdldrruurrddlddrddlluuuldddlluru (5, 5)
lurrulluuuurddrdruuurrdldrdruuurrddlddrddlllllurrrull (5, 5)
lurrulluuuurddrdruuurrdldrdruuurrddlddrddlluulddlluru (5, 5)
lurrulluuuurddrdruuurrdldrddruuuurrddlddrddlluldlluru (5, 5)
lurrulluuuurddrdruuurrdldrdddruuuuurrddlddrddllllluru (5, 5)
lurrulluuuurddrdruuurddrrulurrrddldlldrrrddlluldlluru (5, 5)
lurrulluuuurddrdruuurddrrulurrrddldllddrurrddllllluru (5, 5)
lurrulluuuurddrdruuurddrrulurrrddlddrddlllllurrruuldl (5, 5)
lurrulluuuurddrdruuurddrrulurrrddlddrddlluuuldddlluru (5, 5)
lurrulluuuurddrdruuurddrdruulurrrddlddrddlllllurrrull (5, 5)
lurrulluuuurddrdruuurddrdruulurrrddlddrddlluulddlluru (5, 5)
lurrulluuuurddrdruuurddrddruuulurrrddlddrddlluldlluru (5, 5)
lurrulluuuurddrdruuurddrdddruuuulurrrddlddrddllllluru (5, 5)
luruluuuurddrrdlddrdrrrrruululurruulldlulldrdrddrdllu (5, 5)
luruluuuurddrrdlddrdrrrrruuluuruullllldrdrurddldrdllu (5, 5)
luruluuuurddrrdlddrdrrrrruuluuruulldlulldrdrrdldrdllu (5, 5)
luuuuuurddrrdldldrrdrrrrruululurruulldlulldrdrddrdllu (5, 5)
luuuuuurddrrdldldrrdrrrrruuluuruullllldrdrurddldrdllu (5, 5)
luuuuuurddrrdldldrrdrrrrruuluuruulldlulldrdrrdldrdllu (5, 5)
